<?xml version="1.0" encoding="UTF-8"?>
<!-- Generated by org.testng.reporters.JUnitReportReporter -->
<testsuite hostname="LAPTOP-KJJCS39K" failures="0" tests="2" name="RunScrollAddRightLeftTest" time="12.059" errors="0" timestamp="2022-12-18T18:04:41 CET" skipped="0">
  <testcase classname="RunScrollAddRightLeftTest" name="runScenario" time="4.857"/>
  <system-out/>
  <testcase classname="RunScrollAddRightLeftTest" name="runScenario" time="7.202"/>
  <system-out/>
</testsuite> <!-- RunScrollAddRightLeftTest -->
