<?xml version="1.0" encoding="UTF-8"?>
<!-- Generated by org.testng.reporters.JUnitReportReporter -->
<testsuite hostname="LAPTOP-KJJCS39K" failures="0" tests="6" name="RunRegisterAndLoginTest" time="89.685" errors="0" timestamp="2022-12-19T14:02:35 CET" skipped="0">
  <testcase classname="RunRegisterAndLoginTest" name="runScenario" time="17.334"/>
  <system-out/>
  <testcase classname="RunRegisterAndLoginTest" name="runScenario" time="23.564"/>
  <system-out/>
  <testcase classname="RunRegisterAndLoginTest" name="runScenario" time="12.163"/>
  <system-out/>
  <testcase classname="RunRegisterAndLoginTest" name="runScenario" time="9.498"/>
  <system-out/>
  <testcase classname="RunRegisterAndLoginTest" name="runScenario" time="12.795"/>
  <system-out/>
  <testcase classname="RunRegisterAndLoginTest" name="runScenario" time="14.331"/>
  <system-out/>
</testsuite> <!-- RunRegisterAndLoginTest -->
