<?xml version="1.0" encoding="UTF-8"?>
<!-- Generated by org.testng.reporters.JUnitReportReporter -->
<testsuite hostname="LAPTOP-KJJCS39K" failures="0" tests="6" name="ContactWithUsTest" time="98.514" errors="0" timestamp="2022-12-18T21:59:55 CET" skipped="0">
  <testcase classname="ContactWithUsTest" name="runScenario" time="16.699"/>
  <system-out/>
  <testcase classname="ContactWithUsTest" name="runScenario" time="20.242"/>
  <system-out/>
  <testcase classname="ContactWithUsTest" name="runScenario" time="8.499"/>
  <system-out/>
  <testcase classname="ContactWithUsTest" name="runScenario" time="17.702"/>
  <system-out/>
  <testcase classname="ContactWithUsTest" name="runScenario" time="18.604"/>
  <system-out/>
  <testcase classname="ContactWithUsTest" name="runScenario" time="16.768"/>
  <system-out/>
</testsuite> <!-- ContactWithUsTest -->
