<?xml version="1.0" encoding="UTF-8"?>
<!-- Generated by org.testng.reporters.JUnitReportReporter -->
<testsuite hostname="LAPTOP-KJJCS39K" failures="0" tests="2" name="RunScrollAddRightLeftTest" time="11.822" errors="0" timestamp="2022-12-19T14:04:03 CET" skipped="0">
  <testcase classname="RunScrollAddRightLeftTest" name="runScenario" time="7.397"/>
  <system-out/>
  <testcase classname="RunScrollAddRightLeftTest" name="runScenario" time="4.425"/>
  <system-out/>
</testsuite> <!-- RunScrollAddRightLeftTest -->
