<?xml version="1.0" encoding="UTF-8"?>
<!-- Generated by org.testng.reporters.JUnitReportReporter -->
<testsuite hostname="LAPTOP-KJJCS39K" failures="0" tests="2" name="RunBrandsTest" time="23.161" errors="0" timestamp="2022-12-19T17:15:52 CET" skipped="0">
  <testcase classname="RunBrandsTest" name="runScenario" time="12.960"/>
  <system-out/>
  <testcase classname="RunBrandsTest" name="runScenario" time="10.201"/>
  <system-out/>
</testsuite> <!-- RunBrandsTest -->
