<?xml version="1.0" encoding="UTF-8"?>
<!-- Generated by org.testng.reporters.JUnitReportReporter -->
<testsuite hostname="LAPTOP-KJJCS39K" failures="0" tests="6" name="ContactWithUsTest" time="98.382" errors="0" timestamp="2022-12-19T17:32:10 CET" skipped="0">
  <testcase classname="ContactWithUsTest" name="runScenario" time="15.605"/>
  <system-out/>
  <testcase classname="ContactWithUsTest" name="runScenario" time="15.586"/>
  <system-out/>
  <testcase classname="ContactWithUsTest" name="runScenario" time="17.694"/>
  <system-out/>
  <testcase classname="ContactWithUsTest" name="runScenario" time="18.968"/>
  <system-out/>
  <testcase classname="ContactWithUsTest" name="runScenario" time="14.693"/>
  <system-out/>
  <testcase classname="ContactWithUsTest" name="runScenario" time="15.836"/>
  <system-out/>
</testsuite> <!-- ContactWithUsTest -->
